17:46:10: Creating resource group General
17:46:10: Creating resource group Internal
17:46:10: Creating resource group Autodetect
17:46:10: Registering ResourceManager for type Material
17:46:10: Registering ResourceManager for type Skeleton
17:46:10: Registering ResourceManager for type Mesh
17:46:10: WARNING: conversion is an older format ([MeshSerializer_v1.40]); you should upgrade it as soon as possible using the OgreMeshUpgrade tool.
17:46:10: MeshSerializer writing mesh data to stream ...
17:46:10: File header written.
17:46:10: Writing mesh data...
17:46:10: Writing submesh...
17:46:10: Exporting submesh texture aliases...
17:46:10: Submesh texture aliases exported.
17:46:10: Submesh exported.
17:46:10: Exporting bounds information....
17:46:10: Bounds information exported.
17:46:10: Exporting submesh name table...
17:46:10: Submesh name table exported.
17:46:10: Exporting edge lists...
17:46:10: Edge lists exported
17:46:10: Mesh data exported.
17:46:10: MeshSerializer export successful.
17:46:10: Unregistering ResourceManager for type Mesh
17:46:10: Unregistering ResourceManager for type Skeleton
17:46:10: Unregistering ResourceManager for type Material
